20:27 13-Apr-14
Storing data to file : 
renata shaw 56
Split value variable into an array : 
Forename : renata
Surname : shaw
Temperature : 56
Storing data to MYSQL : 
insert into `tinywebdb` (`forename`, `surname`, `temperature`) values ('renata', 'shaw', '56')
Storing data to file : 
tom shaw 35 56
Split value variable into an array : 
Forename : tom
Surname : shaw
Temperature : 35
Storing data to MYSQL : 
insert into `tinywebdb` (`forename`, `surname`, `temperature`) values ('tom', 'shaw', '35')
Storing data to file : 
Fred [Godwa,37]
Split value variable into an array : 
Forename : Fred
Surname : [Godwa,37]
Temperature : 
Storing data to MYSQL : 
insert into `tinywebdb` (`forename`, `surname`, `temperature`) values ('Fred', '[Godwa,37]', '')
Storing data to file : 
Valdecir Santos
Split value variable into an array : 
Forename : Valdecir
Surname : Santos
Temperature : 
Storing data to MYSQL : 
insert into `tinywebdb` (`forename`, `surname`, `temperature`) values ('Valdecir', 'Santos', '')
Storing data to file : 
Patricia Silvia 40
Split value variable into an array : 
Forename : Patricia
Surname : Silvia
Temperature : 40
Storing data to MYSQL : 
insert into `tinywebdb` (`forename`, `surname`, `temperature`) values ('Patricia', 'Silvia', '40')
Storing data to file : 
Tina dangerous 43 21
Split value variable into an array : 
Forename : Tina
Surname : dangerous
Temperature : 43
Storing data to MYSQL : 
insert into `tinywebdb` (`forename`, `surname`, `temperature`) values ('Tina', 'dangerous', '43')
Storing data to file : 
Gaby Brito 33 66
Split value variable into an array : 
Forename : Gaby
Surname : Brito
Temperature : 33
Storing data to MYSQL : 
insert into `tinywebdb` (`forename`, `surname`, `temperature`) values ('Gaby', 'Brito', '33')
Storing data to file : 
fibrous [level,39]
Split value variable into an array : 
Forename : fibrous
Surname : [level,39]
Temperature : 
Storing data to MYSQL : 
insert into `tinywebdb` (`forename`, `surname`, `temperature`) values ('fibrous', '[level,39]', '')
Storing data to file : 
hand [Isis,39]
Split value variable into an array : 
Forename : hand
Surname : [Isis,39]
Temperature : 
Storing data to MYSQL : 
insert into `tinywebdb` (`forename`, `surname`, `temperature`) values ('hand', '[Isis,39]', '')
Storing data to file : 
good bad39
Split value variable into an array : 
Forename : good
Surname : bad39
Temperature : 
Storing data to MYSQL : 
insert into `tinywebdb` (`forename`, `surname`, `temperature`) values ('good', 'bad39', '')
Storing data to file : 
Yasmin 
Split value variable into an array : 
Forename : Yasmin
Surname : 
Temperature : 
Storing data to MYSQL : 
insert into `tinywebdb` (`forename`, `surname`, `temperature`) values ('Yasmin', '', '')
Storing data to file : 
Renata Oliveira 44 33
Split value variable into an array : 
Forename : Renata
Surname : Oliveira
Temperature : 44
Storing data to MYSQL : 
Storing data to file : 
Renata 39
Split value variable into an array : 
Forename : Renata
Surname : 39
Temperature : 
Storing data to MYSQL : 
insert into `tinywebdb` (`forename`, `surname`, `temperature`) values ('Renata', 'Oliveira', '44')
insert into `tinywebdb` (`forename`, `surname`, `temperature`) values ('Renata', '39', '')
Storing data to file : 
HSH php 55 66
Split value variable into an array : 
Forename : HSH
Surname : php
Temperature : 55
Storing data to MYSQL : 
insert into `tinywebdb` (`forename`, `surname`, `temperature`) values ('HSH', 'php', '55')
Retrieving data from MYSQL : 
Query : select `forename`, `surname`,`temperature` from `tinywebdb` where `forename` = 'Renata' limit 1
Entry found in MYSQL : shaw
Entry found in MYSQL : 56
Retrieving data from MYSQL : 
Query : select `forename`, `surname`,`temperature` from `tinywebdb` where `forename` = 'good' limit 1
Entry found in MYSQL : bad39
Entry found in MYSQL : 0
Retrieving data from MYSQL : 
Query : select `forename`, `surname`,`temperature` from `tinywebdb` where `forename` = 'Gaby' limit 1
Entry found in MYSQL : Brito
Entry found in MYSQL : 33
Retrieving data from MYSQL : 
Query : select `forename`, `surname`,`temperature` from `tinywebdb` where `forename` = 'Gaby' limit 1
Entry found in MYSQL : Brito
Entry found in MYSQL : 33
Storing data to file : 
Gaby DJ's
Split value variable into an array : 
Forename : Gaby
Surname : DJ's
Temperature : 
Storing data to MYSQL : 
insert into `tinywebdb` (`forename`, `surname`, `temperature`) values ('Gaby', 'DJ\'s', '')
Storing data to file : 
Paul Santos
Split value variable into an array : 
Forename : Paul
Surname : Santos
Temperature : 
Storing data to MYSQL : 
insert into `tinywebdb` (`forename`, `surname`, `temperature`) values ('Paul', 'Santos', '')
Storing data to file : 
Paula Silvia 55 88
Split value variable into an array : 
Forename : Paula
Surname : Silvia
Temperature : 55
Storing data to MYSQL : 
insert into `tinywebdb` (`forename`, `surname`, `temperature`) values ('Paula', 'Silvia', '55')
Storing data to file : 
Mercia Osorio
Split value variable into an array : 
Forename : Mercia
Surname : Osorio
Temperature : 
Storing data to MYSQL : 
insert into `tinywebdb` (`forename`, `surname`, `temperature`) values ('Mercia', 'Osorio', '')
Storing data to file : 
Park [Jai,45]
Split value variable into an array : 
Forename : Park
Surname : [Jai,45]
Temperature : 
Storing data to MYSQL : 
insert into `tinywebdb` (`forename`, `surname`, `temperature`) values ('Park', '[Jai,45]', '')
Storing data to file : 
Thomas [Santos,44,5]
Split value variable into an array : 
Forename : Thomas
Surname : [Santos,44,5]
Temperature : 
Pain : 
Storing data to MYSQL : 
insert into `tinywebdb` (`forename`, `surname`, `temperature`, `pain`) values ('Thomas', '[Santos,44,5]', '', '')
Storing data to file : 
Silvia [folk,55,2]
Split value variable into an array : 
Forename : Silvia
Surname : [folk
Temperature : 55
Pain : 2]
Storing data to MYSQL : 
insert into `tinywebdb` (`forename`, `surname`, `temperature`, `pain`) values ('Silvia', '[folk', '55', '2]')
Storing data to file : 
Carlos "duello","66","1"
Split value variable into an array : 
Forename : Carlos
Surname : "duello"
Temperature : "66"
Pain : "1"
Storing data to MYSQL : 
insert into `tinywebdb` (`forename`, `surname`, `temperature`, `pain`) values ('Carlos', '\"duello\"', '\"66\"', '\"1\"')
Storing data to file : 
Renato "Pinheiro","33","2"]
Split value variable into an array : 
Forename : Renato
Surname : "Pinheiro"
Temperature : "33"
Pain : "2"]
Storing data to MYSQL : 
insert into `tinywebdb` (`forename`, `surname`, `temperature`, `pain`) values ('Renato', '\"Pinheiro\"', '\"33\"', '\"2\"]')
Storing data to file : 
KDKA ["heist","66","6"]
Split value variable into an array : 
Forename : KDKA
Surname : ["heist"
Temperature : "66"
Pain : "6"]
Storing data to MYSQL : 
insert into `tinywebdb` (`forename`, `surname`, `temperature`, `pain`) values ('KDKA', '[\"heist\"', '\"66\"', '\"6\"]')
Storing data to file : 
Marta 
Split value variable into an array : 
Forename : Marta
Surname : 
Temperature : 
Pain : 
Storing data to MYSQL : 
insert into `tinywebdb` (`forename`, `surname`, `temperature`, `pain`) values ('Marta', '', '', '')
Storing data to file : 
tom 
Split value variable into an array : 
Forename : tom
Surname : 
Temperature : 
Pain : 
Storing data to MYSQL : 
insert into `tinywebdb` (`forename`, `surname`, `temperature`, `pain`) values ('tom', '', '', '')
Storing data to file : 
paul [smith,65,3]
Split value variable into an array : 
Forename : paul
Surname : [smith
Temperature : 65
Pain : 3]
Storing data to MYSQL : 
insert into `tinywebdb` (`forename`, `surname`, `temperature`, `pain`) values ('paul', '[smith', '65', '3]')
Storing data to file : 
renata shaw,78,3
Split value variable into an array : 
Forename : renata
Surname : shaw
Temperature : 78
Pain : 3
Storing data to MYSQL : 
insert into `tinywebdb` (`forename`, `surname`, `temperature`, `pain`) values ('renata', 'shaw', '78', '3')
Storing data to file : 
renata shaw,67,2
Split value variable into an array : 
Forename : renata
Surname : shaw
Temperature : 67
Pain : 2
Storing data to MYSQL : 
insert into `tinywebdb` (`forename`, `surname`, `temperature`, `pain`) values ('renata', 'shaw', '67', '2')
