Starting here : 
Retrieving data from MYSQL : 
Query : select `name`, `pin` from `nursepin` where `name` = 'Renata' limit 1
Entry found in MYSQL : Renata
Entry found in MYSQL : 123
Starting here : 
Retrieving data from MYSQL : 
Query : select `name`, `pin` from `nursepin` where `name` = 'Renatajjjj' limit 1
No Entry found in MYSQL for name : RenatajjjjStarting here : 
Retrieving data from MYSQL : 
Query : select `name`, `pin` from `nursepin` where `name` = 'Renatajjjj' limit 1
No Entry found in MYSQL for name : RenatajjjjStarting here : 
Retrieving data from MYSQL : 
Query : select `name`, `pin` from `nursepin` where `name` = 'Renata' limit 1
Entry found in MYSQL : Renata
Entry found in MYSQL : 123
Starting here : 
Retrieving data from MYSQL : 
Query : select `name`, `pin` from `nursepin` where `name` = 'Renata' limit 1
Entry found in MYSQL : Renata
Entry found in MYSQL : 123
Starting here : 
Retrieving data from MYSQL : 
Query : select `name`, `pin` from `nursepin` where `name` = 'Renatahhhh' limit 1
No Entry found in MYSQL for name : RenatahhhhStarting here : 
Retrieving data from MYSQL : 
Query : select `name`, `pin` from `nursepin` where `name` = 'Renatahhhh' limit 1
No Entry found in MYSQL for name : RenatahhhhStarting here : 
Retrieving data from MYSQL : 
Query : select `name`, `pin` from `nursepin` where `name` = 'Renatahhhh' limit 1
No Entry found in MYSQL for name : RenatahhhhStarting here : 
Retrieving data from MYSQL : 
Query : select `name`, `pin` from `nursepin` where `name` = 'Renatahhhh' limit 1
No Entry found in MYSQL for name : RenatahhhhStarting here : 
Retrieving data from MYSQL : 
Query : select `name`, `pin` from `nursepin` where `name` = 'Renatahhhh' limit 1
No Entry found in MYSQL for name : RenatahhhhStarting here : 
Retrieving data from MYSQL : 
Query : select `name`, `pin` from `nursepin` where `name` = 'Renatahhhh' limit 1
No Entry found in MYSQL for name : RenatahhhhStarting here : 
Retrieving data from MYSQL : 
Query : select `name`, `pin` from `nursepin` where `name` = 'Renatahhhh' limit 1
No Entry found in MYSQL for name : RenatahhhhStarting here : 
Retrieving data from MYSQL : 
Query : select `name`, `pin` from `nursepin` where `name` = 'Renatahhhh' limit 1
No Entry found in MYSQL for name : RenatahhhhStarting here : 
Retrieving data from MYSQL : 
Query : select `name`, `pin` from `nursepin` where `name` = 'Renata' limit 1
Entry found in MYSQL : Renata
Entry found in MYSQL : 123
Starting here : 
Retrieving data from MYSQL : 
Query : select `name`, `pin` from `nursepin` where `name` = 'Renata' limit 1
Entry found in MYSQL : Renata
Entry found in MYSQL : 123
Starting here : 
Retrieving data from MYSQL : 
Query : select `name`, `pin` from `nursepin` where `name` = 'Renata' limit 1
Entry found in MYSQL : Renata
Entry found in MYSQL : 123
Starting here : 
Retrieving data from MYSQL : 
Query : select `name`, `pin` from `nursepin` where `name` = 'Renata' limit 1
Entry found in MYSQL : Renata
Entry found in MYSQL : 123
Starting here : 
Retrieving data from MYSQL : 
Query : select `name`, `pin` from `nursepin` where `name` = 'Renata' limit 1
Entry found in MYSQL : Renata
Entry found in MYSQL : 123
Starting here : 
Retrieving data from MYSQL : 
Query : select `name`, `pin` from `nursepin` where `name` = 'Renata' limit 1
Entry found in MYSQL : Renata
Entry found in MYSQL : 123
Starting here : 
Retrieving data from MYSQL : 
Query : select `name`, `pin` from `nursepin` where `name` = 'Renata' limit 1
Entry found in MYSQL : Renata
Entry found in MYSQL : 123
Starting here : 
Retrieving data from MYSQL : 
Query : select `name`, `pin` from `nursepin` where `name` = 'Renata' limit 1
Entry found in MYSQL : Renata
Entry found in MYSQL : 123
Starting here : 
Retrieving data from MYSQL : 
Query : select `name`, `pin` from `nursepin` where `name` = 'Renata' limit 1
Entry found in MYSQL : Renata
Entry found in MYSQL : 123
Starting here : 
Retrieving data from MYSQL : 
Query : select `name`, `pin` from `nursepin` where `name` = 'Renata' limit 1
Entry found in MYSQL : Renata
Entry found in MYSQL : 123
Starting here : 
Retrieving data from MYSQL : 
Query : select `forename`, `surname`, `temperature`, `pain` from `tinywebdb` where `forename` = 'Fred' limit 1
Entry found in MYSQL : Fred
Entry found in MYSQL : goodness
Entry found in MYSQL : 33
Entry found in MYSQL : 1
Starting here : 
Retrieving data from MYSQL : 
Query : select `forename`, `surname`, `temperature`, `pain` from `tinywebdb` where `forename` = 'Fred' limit 1
Entry found in MYSQL : Fred
Entry found in MYSQL : goodness
Entry found in MYSQL : 33
Entry found in MYSQL : 1
Starting here : 
Retrieving data from MYSQL : 
Query : select `forename`, `surname`, `temperature`, `pain` from `tinywebdb` where `forename` = 'BEGIN:VCARD\r\nN;CHARSET=utf-8:Brien;Julia;;;\r\nFN;CHARSET=utf-8:Julia Brien\r\nTITLE;CHARSET=utf-8:Engineer\r\nTEL;WORK:012695858\r\nTEL;CELL:0876665454\r\nEMAIL;INTERNET;WORK;CHARSET=utf-8:july@gmail.com\r\nADR;WORK;CHARSET=utf-8:;;19 street, Dublin 4;Dublin;;;Ireland\r\nNOTE;CHARSET=utf-8:Allergic to nuts\r\nVERSION:2.1\r\nEND:VCARD' limit 1
No Entry found in MYSQL for name : BEGIN:VCARD\r\nN;CHARSET=utf-8:Brien;Julia;;;\r\nFN;CHARSET=utf-8:Julia Brien\r\nTITLE;CHARSET=utf-8:Engineer\r\nTEL;WORK:012695858\r\nTEL;CELL:0876665454\r\nEMAIL;INTERNET;WORK;CHARSET=utf-8:july@gmail.com\r\nADR;WORK;CHARSET=utf-8:;;19 street, Dublin 4;Dublin;;;Ireland\r\nNOTE;CHARSET=utf-8:Allergic to nuts\r\nVERSION:2.1\r\nEND:VCARDStarting here : 
Retrieving data from MYSQL : 
Query : select `forename`, `surname`, `temperature`, `pain` from `tinywebdb` where `forename` = 'MECARD:N:Brien,Julia;TEL:012695858;EMAIL:july@gmail.com;ADR:19 street Dublin 4,Dublin,Ireland;;' limit 1
No Entry found in MYSQL for name : MECARD:N:Brien,Julia;TEL:012695858;EMAIL:july@gmail.com;ADR:19 street Dublin 4,Dublin,Ireland;;Starting here : 
Retrieving data from MYSQL : 
Query : select `forename`, `surname`, `temperature`, `pain` from `tinywebdb` where `forename` = 'Julia Hides\r\nAllergic to nuts' limit 1
No Entry found in MYSQL for name : Julia Hides\r\nAllergic to nutsStarting here : 
Retrieving data from MYSQL : 
Query : select `forename`, `surname`, `temperature`, `pain` from `tinywebdb` where `forename` = 'Julia' limit 1
Entry found in MYSQL : Julia
Entry found in MYSQL : hides
Entry found in MYSQL : 33
Entry found in MYSQL : 7
Starting here : 
Retrieving data from MYSQL : 
Query : select `forename`, `surname`, `temperature`, `pain` from `tinywebdb` where `forename` = 'Julia' limit 1
Entry found in MYSQL : Julia
Entry found in MYSQL : hides
Entry found in MYSQL : 33
Entry found in MYSQL : 7
Starting here : 
Retrieving data from MYSQL : 
Query : select `forename`, `surname`, `temperature`, `pain` from `tinywebdb` where `forename` = 'Julia' limit 1
Entry found in MYSQL : Julia
Entry found in MYSQL : hides
Entry found in MYSQL : 33
Entry found in MYSQL : 7
Starting here : 
Retrieving data from MYSQL : 
Query : select `forename`, `surname`, `temperature`, `pain` from `tinywebdb` where `forename` = 'Julia' limit 1
Entry found in MYSQL : Julia
Entry found in MYSQL : hides
Entry found in MYSQL : 33
Entry found in MYSQL : 7
Starting here : 
Retrieving data from MYSQL : 
Query : select `forename`, `surname`, `temperature`, `pain` from `tinywebdb` where `forename` = 'Julia' limit 1
Entry found in MYSQL : Julia
Entry found in MYSQL : hides
Entry found in MYSQL : 33
Entry found in MYSQL : 7
Starting here : 
Retrieving data from MYSQL : 
Query : select `forename`, `surname`, `temperature`, `pain` from `tinywebdb` where `forename` = 'Julia' limit 1
Entry found in MYSQL : Julia
Entry found in MYSQL : hides
Entry found in MYSQL : 33
Entry found in MYSQL : 7
Starting here : 
Retrieving data from MYSQL : 
Query : select `forename`, `surname`, `temperature`, `pain` from `tinywebdb` where `forename` = 'Julia' limit 1
Entry found in MYSQL : Julia
Entry found in MYSQL : hides
Entry found in MYSQL : 33
Entry found in MYSQL : 7
Starting here : 
Retrieving data from MYSQL : 
Query : select `forename`, `surname`, `temperature`, `pain` from `tinywebdb` where `forename` = 'Val' limit 1
No Entry found in MYSQL for name : ValStarting here : 
Retrieving data from MYSQL : 
Query : select `forename`, `surname`, `temperature`, `pain` from `tinywebdb` where `forename` = 'Julia' limit 1
Entry found in MYSQL : Julia
Entry found in MYSQL : hides
Entry found in MYSQL : 33
Entry found in MYSQL : 7
Starting here : 
Retrieving data from MYSQL : 
Query : select `forename`, `surname`, `temperature`, `pain` from `tinywebdb` where `forename` = 'Val' limit 1
No Entry found in MYSQL for name : ValStarting here : 
Retrieving data from MYSQL : 
Query : select `forename`, `surname`, `temperature`, `pain` from `tinywebdb` where `forename` = 'Val' limit 1
No Entry found in MYSQL for name : ValStarting here : 
Retrieving data from MYSQL : 
Query : select `forename`, `surname`, `temperature`, `pain` from `tinywebdb` where `forename` = 'Val' limit 1
No Entry found in MYSQL for name : ValStarting here : 
Retrieving data from MYSQL : 
Query : select `forename`, `surname`, `temperature`, `pain` from `tinywebdb` where `forename` = 'Val' limit 1
No Entry found in MYSQL for name : ValStarting here : 
Retrieving data from MYSQL : 
Query : select `forename`, `surname`, `temperature`, `pain` from `tinywebdb` where `forename` = 'Val' limit 1
No Entry found in MYSQL for name : ValStarting here : 
Retrieving data from MYSQL : 
Query : select `forename`, `surname`, `temperature`, `pain` from `tinywebdb` where `forename` = 'Val' limit 1
No Entry found in MYSQL for name : ValStarting here : 
Retrieving data from MYSQL : 
Query : select `forename`, `surname`, `temperature`, `pain` from `tinywebdb` where `forename` = 'Val' limit 1
No Entry found in MYSQL for name : ValStarting here : 
Retrieving data from MYSQL : 
Query : select `forename`, `surname`, `temperature`, `pain` from `tinywebdb` where `forename` = 'Julia' limit 1
Entry found in MYSQL : Julia
Entry found in MYSQL : hides
Entry found in MYSQL : 33
Entry found in MYSQL : 7
Starting here : 
Retrieving data from MYSQL : 
Query : select `forename`, `surname`, `temperature`, `pain` from `tinywebdb` where `forename` = 'Julia' limit 1
Entry found in MYSQL : Julia
Entry found in MYSQL : hides
Entry found in MYSQL : 33
Entry found in MYSQL : 7
Starting here : 
Retrieving data from MYSQL : 
Query : select `forename`, `surname`, `temperature`, `pain` from `tinywebdb` where `forename` = 'Fred' limit 1
Entry found in MYSQL : Fred
Entry found in MYSQL : goodness
Entry found in MYSQL : 33
Entry found in MYSQL : 1
Starting here : 
Retrieving data from MYSQL : 
Query : select `forename`, `surname`, `temperature`, `pain` from `tinywebdb` where `forename` = 'Julia' limit 1
Entry found in MYSQL : Julia
Entry found in MYSQL : hides
Entry found in MYSQL : 33
Entry found in MYSQL : 7
Starting here : 
Retrieving data from MYSQL : 
Query : select `forename`, `surname`, `temperature`, `pain` from `tinywebdb` where `forename` = '...' limit 1
No Entry found in MYSQL for name : ...Starting here : 
Retrieving data from MYSQL : 
Query : select `forename`, `surname`, `temperature`, `pain` from `tinywebdb` where `forename` = 'Julia' limit 1
Entry found in MYSQL : Julia
Entry found in MYSQL : hides
Entry found in MYSQL : 33
Entry found in MYSQL : 7
Starting here : 
Retrieving data from MYSQL : 
Query : select `forename`, `surname`, `temperature`, `pain` from `tinywebdb` where `forename` = 'Julia' limit 1
Entry found in MYSQL : Julia
Entry found in MYSQL : hides
Entry found in MYSQL : 33
Entry found in MYSQL : 7
Starting here : 
Retrieving data from MYSQL : 
Query : select `forename`, `surname`, `temperature`, `pain` from `tinywebdb` where `forename` = 'Julia' limit 1
Entry found in MYSQL : Julia
Entry found in MYSQL : hides
Entry found in MYSQL : 33
Entry found in MYSQL : 7
Starting here : 
Retrieving data from MYSQL : 
Query : select `forename`, `surname`, `temperature`, `pain` from `tinywebdb` where `forename` = 'Julia' limit 1
Entry found in MYSQL : Julia
Entry found in MYSQL : hides
Entry found in MYSQL : 33
Entry found in MYSQL : 7
Starting here : 
Retrieving data from MYSQL : 
Query : select `forename`, `surname`, `temperature`, `pain` from `tinywebdb` where `forename` = 'Julia' limit 1
Entry found in MYSQL : Julia
Entry found in MYSQL : hides
Entry found in MYSQL : 33
Entry found in MYSQL : 7
Starting here : 
Retrieving data from MYSQL : 
Query : select `forename`, `surname`, `temperature`, `pain` from `tinywebdb` where `forename` = 'Julia' limit 1
Entry found in MYSQL : Julia
Entry found in MYSQL : hides
Entry found in MYSQL : 33
Entry found in MYSQL : 7
Starting here : 
Retrieving data from MYSQL : 
Query : select `forename`, `surname`, `temperature`, `pain` from `tinywebdb` where `forename` = 'Julia' limit 1
Entry found in MYSQL : Julia
Entry found in MYSQL : hides
Entry found in MYSQL : 33
Entry found in MYSQL : 7
Starting here : 
Retrieving data from MYSQL : 
Query : select `forename`, `surname`, `temperature`, `pain` from `tinywebdb` where `forename` = 'Julia' limit 1
Entry found in MYSQL : Julia
Entry found in MYSQL : hides
Entry found in MYSQL : 33
Entry found in MYSQL : 7
Starting here : 
Retrieving data from MYSQL : 
Query : select `forename`, `surname`, `temperature`, `pain` from `tinywebdb` where `forename` = 'Julia' limit 1
Entry found in MYSQL : Julia
Entry found in MYSQL : hides
Entry found in MYSQL : 33
Entry found in MYSQL : 7
Starting here : 
Retrieving data from MYSQL : 
Query : select `forename`, `surname`, `temperature`, `pain` from `tinywebdb` where `forename` = 'Julia' limit 1
Entry found in MYSQL : Julia
Entry found in MYSQL : hides
Entry found in MYSQL : 33
Entry found in MYSQL : 7
Starting here : 
Retrieving data from MYSQL : 
Query : select `forename`, `surname`, `temperature`, `pain` from `tinywebdb` where `forename` = 'Julia' limit 1
Entry found in MYSQL : Julia
Entry found in MYSQL : 35
Entry found in MYSQL : 120
Entry found in MYSQL : 1
Starting here : 
Retrieving data from MYSQL : 
Query : select `forename`, `surname`, `temperature`, `pain` from `tinywebdb` where `forename` = 'Julia' limit 1
Entry found in MYSQL : Julia
Entry found in MYSQL : 35
Entry found in MYSQL : 120
Entry found in MYSQL : 1
Starting here : 
Retrieving data from MYSQL : 
Query : select `forename`, `surname`, `temperature`, `pain` from `tinywebdb` where `forename` = 'Julia' limit 1
No Entry found in MYSQL for name : Julia